Consolidate compiler generated dependencies of target test
[ 50%] Linking CXX executable test
/usr/bin/ld: CMakeFiles/test.dir/src/test.cpp.o: warning: relocation against `_ZN6google8protobuf8internal26fixed_address_empty_stringB5cxx11E' in read-only section `.text._ZN6google8protobuf8internal27GetEmptyStringAlreadyInitedB5cxx11Ev[_ZN6google8protobuf8internal27GetEmptyStringAlreadyInitedB5cxx11Ev]'
/usr/bin/ld: CMakeFiles/test.dir/src/test.cpp.o: in function `InitDefaultsscc_info_dataTransfers_dronePosVec_2eproto()':
test.cpp:(.text+0x26): undefined reference to `google::protobuf::internal::VerifyVersion(int, int, char const*)'
/usr/bin/ld: CMakeFiles/test.dir/src/test.cpp.o: in function `InitDefaultsscc_info_droneControl_dronePosVec_2eproto()':
test.cpp:(.text+0xb2): undefined reference to `google::protobuf::internal::VerifyVersion(int, int, char const*)'
/usr/bin/ld: CMakeFiles/test.dir/src/test.cpp.o: in function `InitDefaultsscc_info_dronePosition_dronePosVec_2eproto()':
test.cpp:(.text+0x13e): undefined reference to `google::protobuf::internal::VerifyVersion(int, int, char const*)'
/usr/bin/ld: CMakeFiles/test.dir/src/test.cpp.o: in function `dronePosVec::dataDevices_descriptor()':
test.cpp:(.text+0x1bc): undefined reference to `google::protobuf::internal::AssignDescriptors(google::protobuf::internal::DescriptorTable const*, bool)'
/usr/bin/ld: CMakeFiles/test.dir/src/test.cpp.o: in function `dronePosVec::transferType_descriptor()':
test.cpp:(.text+0x202): undefined reference to `google::protobuf::internal::AssignDescriptors(google::protobuf::internal::DescriptorTable const*, bool)'
/usr/bin/ld: CMakeFiles/test.dir/src/test.cpp.o: in function `dronePosVec::dronePosition::dronePosition(google::protobuf::Arena*)':
test.cpp:(.text+0x285): undefined reference to `google::protobuf::RepeatedField<float>::RepeatedField(google::protobuf::Arena*)'
/usr/bin/ld: test.cpp:(.text+0x29c): undefined reference to `google::protobuf::RepeatedField<float>::RepeatedField(google::protobuf::Arena*)'
/usr/bin/ld: test.cpp:(.text+0x2b3): undefined reference to `google::protobuf::RepeatedField<unsigned int>::RepeatedField(google::protobuf::Arena*)'
/usr/bin/ld: test.cpp:(.text+0x2ca): undefined reference to `google::protobuf::RepeatedField<float>::RepeatedField(google::protobuf::Arena*)'
/usr/bin/ld: test.cpp:(.text+0x2e1): undefined reference to `google::protobuf::RepeatedField<float>::RepeatedField(google::protobuf::Arena*)'
/usr/bin/ld: test.cpp:(.text+0x32e): undefined reference to `google::protobuf::RepeatedField<float>::~RepeatedField()'
/usr/bin/ld: test.cpp:(.text+0x347): undefined reference to `google::protobuf::RepeatedField<unsigned int>::~RepeatedField()'
/usr/bin/ld: test.cpp:(.text+0x360): undefined reference to `google::protobuf::RepeatedField<float>::~RepeatedField()'
/usr/bin/ld: test.cpp:(.text+0x379): undefined reference to `google::protobuf::RepeatedField<float>::~RepeatedField()'
/usr/bin/ld: CMakeFiles/test.dir/src/test.cpp.o: in function `dronePosVec::dronePosition::dronePosition(dronePosVec::dronePosition const&)':
test.cpp:(.text+0x3ea): undefined reference to `google::protobuf::RepeatedField<float>::RepeatedField(google::protobuf::RepeatedField<float> const&)'
/usr/bin/ld: test.cpp:(.text+0x405): undefined reference to `google::protobuf::RepeatedField<float>::RepeatedField(google::protobuf::RepeatedField<float> const&)'
/usr/bin/ld: test.cpp:(.text+0x420): undefined reference to `google::protobuf::RepeatedField<unsigned int>::RepeatedField(google::protobuf::RepeatedField<unsigned int> const&)'
/usr/bin/ld: test.cpp:(.text+0x43b): undefined reference to `google::protobuf::RepeatedField<float>::RepeatedField(google::protobuf::RepeatedField<float> const&)'
/usr/bin/ld: test.cpp:(.text+0x456): undefined reference to `google::protobuf::RepeatedField<float>::RepeatedField(google::protobuf::RepeatedField<float> const&)'
/usr/bin/ld: test.cpp:(.text+0x53a): undefined reference to `google::protobuf::RepeatedField<float>::~RepeatedField()'
/usr/bin/ld: test.cpp:(.text+0x553): undefined reference to `google::protobuf::RepeatedField<float>::~RepeatedField()'
/usr/bin/ld: test.cpp:(.text+0x56c): undefined reference to `google::protobuf::RepeatedField<unsigned int>::~RepeatedField()'
/usr/bin/ld: test.cpp:(.text+0x585): undefined reference to `google::protobuf::RepeatedField<float>::~RepeatedField()'
/usr/bin/ld: test.cpp:(.text+0x59e): undefined reference to `google::protobuf::RepeatedField<float>::~RepeatedField()'
/usr/bin/ld: CMakeFiles/test.dir/src/test.cpp.o: in function `dronePosVec::dronePosition::~dronePosition()':
test.cpp:(.text+0x60e): undefined reference to `google::protobuf::RepeatedField<float>::~RepeatedField()'
/usr/bin/ld: test.cpp:(.text+0x61e): undefined reference to `google::protobuf::RepeatedField<float>::~RepeatedField()'
/usr/bin/ld: test.cpp:(.text+0x62e): undefined reference to `google::protobuf::RepeatedField<unsigned int>::~RepeatedField()'
/usr/bin/ld: test.cpp:(.text+0x63e): undefined reference to `google::protobuf::RepeatedField<float>::~RepeatedField()'
/usr/bin/ld: test.cpp:(.text+0x64e): undefined reference to `google::protobuf::RepeatedField<float>::~RepeatedField()'
/usr/bin/ld: CMakeFiles/test.dir/src/test.cpp.o: in function `dronePosVec::dronePosition::Clear()':
test.cpp:(.text+0x719): undefined reference to `google::protobuf::RepeatedField<float>::Clear()'
/usr/bin/ld: test.cpp:(.text+0x729): undefined reference to `google::protobuf::RepeatedField<float>::Clear()'
/usr/bin/ld: test.cpp:(.text+0x739): undefined reference to `google::protobuf::RepeatedField<unsigned int>::Clear()'
/usr/bin/ld: test.cpp:(.text+0x749): undefined reference to `google::protobuf::RepeatedField<float>::Clear()'
/usr/bin/ld: test.cpp:(.text+0x759): undefined reference to `google::protobuf::RepeatedField<float>::Clear()'
/usr/bin/ld: CMakeFiles/test.dir/src/test.cpp.o: in function `dronePosVec::dronePosition::_InternalParse(char const*, google::protobuf::internal::ParseContext*)':
test.cpp:(.text+0x8d1): undefined reference to `google::protobuf::internal::PackedFloatParser(void*, char const*, google::protobuf::internal::ParseContext*)'
/usr/bin/ld: test.cpp:(.text+0x961): undefined reference to `google::protobuf::internal::PackedFloatParser(void*, char const*, google::protobuf::internal::ParseContext*)'
/usr/bin/ld: test.cpp:(.text+0x9f1): undefined reference to `google::protobuf::internal::PackedUInt32Parser(void*, char const*, google::protobuf::internal::ParseContext*)'
/usr/bin/ld: test.cpp:(.text+0xa87): undefined reference to `google::protobuf::internal::PackedFloatParser(void*, char const*, google::protobuf::internal::ParseContext*)'
/usr/bin/ld: test.cpp:(.text+0xb17): undefined reference to `google::protobuf::internal::PackedFloatParser(void*, char const*, google::protobuf::internal::ParseContext*)'
/usr/bin/ld: test.cpp:(.text+0xc19): undefined reference to `google::protobuf::internal::UnknownFieldParse(unsigned long, google::protobuf::UnknownFieldSet*, char const*, google::protobuf::internal::ParseContext*)'
/usr/bin/ld: CMakeFiles/test.dir/src/test.cpp.o: in function `dronePosVec::dronePosition::_InternalSerialize(unsigned char*, google::protobuf::io::EpsCopyOutputStream*) const':
test.cpp:(.text+0xe6a): undefined reference to `google::protobuf::RepeatedField<float>::size() const'
/usr/bin/ld: test.cpp:(.text+0xf15): undefined reference to `google::protobuf::internal::LogMessage::LogMessage(google::protobuf::LogLevel, char const*, int)'
/usr/bin/ld: test.cpp:(.text+0xf30): undefined reference to `google::protobuf::internal::LogMessage::operator<<(char const*)'
/usr/bin/ld: test.cpp:(.text+0xf45): undefined reference to `google::protobuf::internal::LogFinisher::operator=(google::protobuf::internal::LogMessage&)'
/usr/bin/ld: test.cpp:(.text+0xf55): undefined reference to `google::protobuf::internal::LogMessage::~LogMessage()'
/usr/bin/ld: test.cpp:(.text+0x1081): undefined reference to `google::protobuf::internal::LogMessage::~LogMessage()'
/usr/bin/ld: test.cpp:(.text+0x1104): undefined reference to `google::protobuf::RepeatedField<float>::data() const'
/usr/bin/ld: test.cpp:(.text+0x11bc): undefined reference to `google::protobuf::RepeatedField<float>::size() const'
/usr/bin/ld: test.cpp:(.text+0x1267): undefined reference to `google::protobuf::internal::LogMessage::LogMessage(google::protobuf::LogLevel, char const*, int)'
/usr/bin/ld: test.cpp:(.text+0x1282): undefined reference to `google::protobuf::internal::LogMessage::operator<<(char const*)'
/usr/bin/ld: test.cpp:(.text+0x1297): undefined reference to `google::protobuf::internal::LogFinisher::operator=(google::protobuf::internal::LogMessage&)'
/usr/bin/ld: test.cpp:(.text+0x12a7): undefined reference to `google::protobuf::internal::LogMessage::~LogMessage()'
/usr/bin/ld: test.cpp:(.text+0x13d3): undefined reference to `google::protobuf::internal::LogMessage::~LogMessage()'
/usr/bin/ld: test.cpp:(.text+0x1456): undefined reference to `google::protobuf::RepeatedField<float>::data() const'
/usr/bin/ld: test.cpp:(.text+0x1611): undefined reference to `google::protobuf::internal::LogMessage::LogMessage(google::protobuf::LogLevel, char const*, int)'
/usr/bin/ld: test.cpp:(.text+0x162c): undefined reference to `google::protobuf::internal::LogMessage::operator<<(char const*)'
/usr/bin/ld: test.cpp:(.text+0x1641): undefined reference to `google::protobuf::internal::LogFinisher::operator=(google::protobuf::internal::LogMessage&)'
/usr/bin/ld: test.cpp:(.text+0x1651): undefined reference to `google::protobuf::internal::LogMessage::~LogMessage()'
/usr/bin/ld: test.cpp:(.text+0x177d): undefined reference to `google::protobuf::internal::LogMessage::~LogMessage()'
/usr/bin/ld: test.cpp:(.text+0x17f7): undefined reference to `google::protobuf::RepeatedField<unsigned int>::data() const'
/usr/bin/ld: test.cpp:(.text+0x180d): undefined reference to `google::protobuf::RepeatedField<unsigned int>::size() const'
/usr/bin/ld: test.cpp:(.text+0x1a05): undefined reference to `google::protobuf::RepeatedField<float>::size() const'
/usr/bin/ld: test.cpp:(.text+0x1ab0): undefined reference to `google::protobuf::internal::LogMessage::LogMessage(google::protobuf::LogLevel, char const*, int)'
/usr/bin/ld: test.cpp:(.text+0x1acb): undefined reference to `google::protobuf::internal::LogMessage::operator<<(char const*)'
/usr/bin/ld: test.cpp:(.text+0x1ae0): undefined reference to `google::protobuf::internal::LogFinisher::operator=(google::protobuf::internal::LogMessage&)'
/usr/bin/ld: test.cpp:(.text+0x1af0): undefined reference to `google::protobuf::internal::LogMessage::~LogMessage()'
/usr/bin/ld: test.cpp:(.text+0x1c1c): undefined reference to `google::protobuf::internal::LogMessage::~LogMessage()'
/usr/bin/ld: test.cpp:(.text+0x1c9f): undefined reference to `google::protobuf::RepeatedField<float>::data() const'
/usr/bin/ld: test.cpp:(.text+0x1d57): undefined reference to `google::protobuf::RepeatedField<float>::size() const'
/usr/bin/ld: test.cpp:(.text+0x1e02): undefined reference to `google::protobuf::internal::LogMessage::LogMessage(google::protobuf::LogLevel, char const*, int)'
/usr/bin/ld: test.cpp:(.text+0x1e1d): undefined reference to `google::protobuf::internal::LogMessage::operator<<(char const*)'
/usr/bin/ld: test.cpp:(.text+0x1e32): undefined reference to `google::protobuf::internal::LogFinisher::operator=(google::protobuf::internal::LogMessage&)'
/usr/bin/ld: test.cpp:(.text+0x1e42): undefined reference to `google::protobuf::internal::LogMessage::~LogMessage()'
/usr/bin/ld: test.cpp:(.text+0x1f6e): undefined reference to `google::protobuf::internal::LogMessage::~LogMessage()'
/usr/bin/ld: test.cpp:(.text+0x1ff1): undefined reference to `google::protobuf::RepeatedField<float>::data() const'
/usr/bin/ld: test.cpp:(.text+0x2065): undefined reference to `google::protobuf::UnknownFieldSet::default_instance()'
/usr/bin/ld: test.cpp:(.text+0x20c8): undefined reference to `google::protobuf::internal::WireFormat::InternalSerializeUnknownFieldsToArray(google::protobuf::UnknownFieldSet const&, unsigned char*, google::protobuf::io::EpsCopyOutputStream*)'
/usr/bin/ld: CMakeFiles/test.dir/src/test.cpp.o: in function `dronePosVec::dronePosition::ByteSizeLong() const':
test.cpp:(.text+0x2273): undefined reference to `google::protobuf::internal::WireFormatLite::UInt32Size(google::protobuf::RepeatedField<unsigned int> const&)'
/usr/bin/ld: test.cpp:(.text+0x24ab): undefined reference to `google::protobuf::internal::ComputeUnknownFieldsSize(google::protobuf::internal::InternalMetadata const&, unsigned long, google::protobuf::internal::CachedSize*)'
/usr/bin/ld: CMakeFiles/test.dir/src/test.cpp.o: in function `dronePosVec::dronePosition::MergeFrom(google::protobuf::Message const&)':
test.cpp:(.text+0x252e): undefined reference to `google::protobuf::internal::LogMessage::LogMessage(google::protobuf::LogLevel, char const*, int)'
/usr/bin/ld: test.cpp:(.text+0x2549): undefined reference to `google::protobuf::internal::LogMessage::operator<<(char const*)'
/usr/bin/ld: test.cpp:(.text+0x255b): undefined reference to `google::protobuf::internal::LogFinisher::operator=(google::protobuf::internal::LogMessage&)'
/usr/bin/ld: test.cpp:(.text+0x256b): undefined reference to `google::protobuf::internal::LogMessage::~LogMessage()'
/usr/bin/ld: test.cpp:(.text+0x2595): undefined reference to `google::protobuf::internal::ReflectionOps::Merge(google::protobuf::Message const&, google::protobuf::Message*)'
/usr/bin/ld: test.cpp:(.text+0x25c3): undefined reference to `google::protobuf::internal::LogMessage::~LogMessage()'
/usr/bin/ld: CMakeFiles/test.dir/src/test.cpp.o: in function `dronePosVec::dronePosition::MergeFrom(dronePosVec::dronePosition const&)':
test.cpp:(.text+0x264d): undefined reference to `google::protobuf::internal::LogMessage::LogMessage(google::protobuf::LogLevel, char const*, int)'
/usr/bin/ld: test.cpp:(.text+0x2668): undefined reference to `google::protobuf::internal::LogMessage::operator<<(char const*)'
/usr/bin/ld: test.cpp:(.text+0x267d): undefined reference to `google::protobuf::internal::LogFinisher::operator=(google::protobuf::internal::LogMessage&)'
/usr/bin/ld: test.cpp:(.text+0x268d): undefined reference to `google::protobuf::internal::LogMessage::~LogMessage()'
/usr/bin/ld: test.cpp:(.text+0x276f): undefined reference to `google::protobuf::RepeatedField<float>::MergeFrom(google::protobuf::RepeatedField<float> const&)'
/usr/bin/ld: test.cpp:(.text+0x2790): undefined reference to `google::protobuf::RepeatedField<float>::MergeFrom(google::protobuf::RepeatedField<float> const&)'
/usr/bin/ld: test.cpp:(.text+0x27b1): undefined reference to `google::protobuf::RepeatedField<unsigned int>::MergeFrom(google::protobuf::RepeatedField<unsigned int> const&)'
/usr/bin/ld: test.cpp:(.text+0x27d2): undefined reference to `google::protobuf::RepeatedField<float>::MergeFrom(google::protobuf::RepeatedField<float> const&)'
/usr/bin/ld: test.cpp:(.text+0x27f3): undefined reference to `google::protobuf::RepeatedField<float>::MergeFrom(google::protobuf::RepeatedField<float> const&)'
/usr/bin/ld: test.cpp:(.text+0x2846): undefined reference to `google::protobuf::internal::LogMessage::~LogMessage()'
/usr/bin/ld: CMakeFiles/test.dir/src/test.cpp.o: in function `dronePosVec::dronePosition::InternalSwap(dronePosVec::dronePosition*)':
test.cpp:(.text+0x2a0d): undefined reference to `google::protobuf::RepeatedField<float>::InternalSwap(google::protobuf::RepeatedField<float>*)'
/usr/bin/ld: test.cpp:(.text+0x2a28): undefined reference to `google::protobuf::RepeatedField<float>::InternalSwap(google::protobuf::RepeatedField<float>*)'
/usr/bin/ld: test.cpp:(.text+0x2a43): undefined reference to `google::protobuf::RepeatedField<unsigned int>::InternalSwap(google::protobuf::RepeatedField<unsigned int>*)'
/usr/bin/ld: test.cpp:(.text+0x2a5e): undefined reference to `google::protobuf::RepeatedField<float>::InternalSwap(google::protobuf::RepeatedField<float>*)'
/usr/bin/ld: test.cpp:(.text+0x2a79): undefined reference to `google::protobuf::RepeatedField<float>::InternalSwap(google::protobuf::RepeatedField<float>*)'
/usr/bin/ld: CMakeFiles/test.dir/src/test.cpp.o: in function `dronePosVec::droneControl::_InternalParse(char const*, google::protobuf::internal::ParseContext*)':
test.cpp:(.text+0x2fd1): undefined reference to `google::protobuf::internal::UnknownFieldParse(unsigned long, google::protobuf::UnknownFieldSet*, char const*, google::protobuf::internal::ParseContext*)'
/usr/bin/ld: CMakeFiles/test.dir/src/test.cpp.o: in function `dronePosVec::droneControl::_InternalSerialize(unsigned char*, google::protobuf::io::EpsCopyOutputStream*) const':
test.cpp:(.text+0x35f2): undefined reference to `google::protobuf::UnknownFieldSet::default_instance()'
/usr/bin/ld: test.cpp:(.text+0x3655): undefined reference to `google::protobuf::internal::WireFormat::InternalSerializeUnknownFieldsToArray(google::protobuf::UnknownFieldSet const&, unsigned char*, google::protobuf::io::EpsCopyOutputStream*)'
/usr/bin/ld: CMakeFiles/test.dir/src/test.cpp.o: in function `dronePosVec::droneControl::ByteSizeLong() const':
test.cpp:(.text+0x3831): undefined reference to `google::protobuf::internal::ComputeUnknownFieldsSize(google::protobuf::internal::InternalMetadata const&, unsigned long, google::protobuf::internal::CachedSize*)'
/usr/bin/ld: CMakeFiles/test.dir/src/test.cpp.o: in function `dronePosVec::droneControl::MergeFrom(google::protobuf::Message const&)':
test.cpp:(.text+0x38ac): undefined reference to `google::protobuf::internal::LogMessage::LogMessage(google::protobuf::LogLevel, char const*, int)'
/usr/bin/ld: test.cpp:(.text+0x38c7): undefined reference to `google::protobuf::internal::LogMessage::operator<<(char const*)'
/usr/bin/ld: test.cpp:(.text+0x38d9): undefined reference to `google::protobuf::internal::LogFinisher::operator=(google::protobuf::internal::LogMessage&)'
/usr/bin/ld: test.cpp:(.text+0x38e9): undefined reference to `google::protobuf::internal::LogMessage::~LogMessage()'
/usr/bin/ld: test.cpp:(.text+0x3913): undefined reference to `google::protobuf::internal::ReflectionOps::Merge(google::protobuf::Message const&, google::protobuf::Message*)'
/usr/bin/ld: test.cpp:(.text+0x3941): undefined reference to `google::protobuf::internal::LogMessage::~LogMessage()'
/usr/bin/ld: CMakeFiles/test.dir/src/test.cpp.o: in function `dronePosVec::droneControl::MergeFrom(dronePosVec::droneControl const&)':
test.cpp:(.text+0x39cb): undefined reference to `google::protobuf::internal::LogMessage::LogMessage(google::protobuf::LogLevel, char const*, int)'
/usr/bin/ld: test.cpp:(.text+0x39e6): undefined reference to `google::protobuf::internal::LogMessage::operator<<(char const*)'
/usr/bin/ld: test.cpp:(.text+0x39fb): undefined reference to `google::protobuf::internal::LogFinisher::operator=(google::protobuf::internal::LogMessage&)'
/usr/bin/ld: test.cpp:(.text+0x3a0b): undefined reference to `google::protobuf::internal::LogMessage::~LogMessage()'
/usr/bin/ld: test.cpp:(.text+0x3cdd): undefined reference to `google::protobuf::internal::LogMessage::~LogMessage()'
/usr/bin/ld: CMakeFiles/test.dir/src/test.cpp.o: in function `dronePosVec::dataTransfers::_InternalParse(char const*, google::protobuf::internal::ParseContext*)':
test.cpp:(.text+0x4485): undefined reference to `google::protobuf::internal::InlineGreedyStringParser(std::__cxx11::basic_string<char, std::char_traits<char>, std::allocator<char> >*, char const*, google::protobuf::internal::ParseContext*)'
/usr/bin/ld: test.cpp:(.text+0x454f): undefined reference to `google::protobuf::internal::InlineGreedyStringParser(std::__cxx11::basic_string<char, std::char_traits<char>, std::allocator<char> >*, char const*, google::protobuf::internal::ParseContext*)'
/usr/bin/ld: test.cpp:(.text+0x4681): undefined reference to `google::protobuf::internal::UnknownFieldParse(unsigned long, google::protobuf::UnknownFieldSet*, char const*, google::protobuf::internal::ParseContext*)'
/usr/bin/ld: CMakeFiles/test.dir/src/test.cpp.o: in function `dronePosVec::dataTransfers::_InternalSerialize(unsigned char*, google::protobuf::io::EpsCopyOutputStream*) const':
test.cpp:(.text+0x49ad): undefined reference to `google::protobuf::internal::WireFormatLite::VerifyUtf8String(char const*, int, google::protobuf::internal::WireFormatLite::Operation, char const*)'
/usr/bin/ld: test.cpp:(.text+0x4b50): undefined reference to `google::protobuf::internal::WireFormatLite::VerifyUtf8String(char const*, int, google::protobuf::internal::WireFormatLite::Operation, char const*)'
/usr/bin/ld: test.cpp:(.text+0x4cc7): undefined reference to `google::protobuf::UnknownFieldSet::default_instance()'
/usr/bin/ld: test.cpp:(.text+0x4d2a): undefined reference to `google::protobuf::internal::WireFormat::InternalSerializeUnknownFieldsToArray(google::protobuf::UnknownFieldSet const&, unsigned char*, google::protobuf::io::EpsCopyOutputStream*)'
/usr/bin/ld: CMakeFiles/test.dir/src/test.cpp.o: in function `dronePosVec::dataTransfers::ByteSizeLong() const':
test.cpp:(.text+0x4ee3): undefined reference to `google::protobuf::internal::ComputeUnknownFieldsSize(google::protobuf::internal::InternalMetadata const&, unsigned long, google::protobuf::internal::CachedSize*)'
/usr/bin/ld: CMakeFiles/test.dir/src/test.cpp.o: in function `dronePosVec::dataTransfers::MergeFrom(google::protobuf::Message const&)':
test.cpp:(.text+0x4f5e): undefined reference to `google::protobuf::internal::LogMessage::LogMessage(google::protobuf::LogLevel, char const*, int)'
/usr/bin/ld: test.cpp:(.text+0x4f79): undefined reference to `google::protobuf::internal::LogMessage::operator<<(char const*)'
/usr/bin/ld: test.cpp:(.text+0x4f8b): undefined reference to `google::protobuf::internal::LogFinisher::operator=(google::protobuf::internal::LogMessage&)'
/usr/bin/ld: test.cpp:(.text+0x4f9b): undefined reference to `google::protobuf::internal::LogMessage::~LogMessage()'
/usr/bin/ld: test.cpp:(.text+0x4fc5): undefined reference to `google::protobuf::internal::ReflectionOps::Merge(google::protobuf::Message const&, google::protobuf::Message*)'
/usr/bin/ld: test.cpp:(.text+0x4ff3): undefined reference to `google::protobuf::internal::LogMessage::~LogMessage()'
/usr/bin/ld: CMakeFiles/test.dir/src/test.cpp.o: in function `dronePosVec::dataTransfers::MergeFrom(dronePosVec::dataTransfers const&)':
test.cpp:(.text+0x507d): undefined reference to `google::protobuf::internal::LogMessage::LogMessage(google::protobuf::LogLevel, char const*, int)'
/usr/bin/ld: test.cpp:(.text+0x5098): undefined reference to `google::protobuf::internal::LogMessage::operator<<(char const*)'
/usr/bin/ld: test.cpp:(.text+0x50ad): undefined reference to `google::protobuf::internal::LogFinisher::operator=(google::protobuf::internal::LogMessage&)'
/usr/bin/ld: test.cpp:(.text+0x50bd): undefined reference to `google::protobuf::internal::LogMessage::~LogMessage()'
/usr/bin/ld: test.cpp:(.text+0x530c): undefined reference to `google::protobuf::internal::LogMessage::~LogMessage()'
/usr/bin/ld: CMakeFiles/test.dir/src/test.cpp.o: in function `dronePosVec::dronePosition* google::protobuf::Arena::CreateMaybeMessage<dronePosVec::dronePosition>(google::protobuf::Arena*)':
test.cpp:(.text+0x5781): undefined reference to `google::protobuf::Arena::AllocateAlignedNoHook(unsigned long)'
/usr/bin/ld: test.cpp:(.text+0x579d): undefined reference to `google::protobuf::internal::ArenaImpl::AllocateAlignedAndAddCleanup(unsigned long, void (*)(void*))'
/usr/bin/ld: CMakeFiles/test.dir/src/test.cpp.o: in function `dronePosVec::droneControl* google::protobuf::Arena::CreateMaybeMessage<dronePosVec::droneControl>(google::protobuf::Arena*)':
test.cpp:(.text+0x5897): undefined reference to `google::protobuf::Arena::AllocateAlignedNoHook(unsigned long)'
/usr/bin/ld: test.cpp:(.text+0x58b3): undefined reference to `google::protobuf::internal::ArenaImpl::AllocateAlignedAndAddCleanup(unsigned long, void (*)(void*))'
/usr/bin/ld: CMakeFiles/test.dir/src/test.cpp.o: in function `dronePosVec::dataTransfers* google::protobuf::Arena::CreateMaybeMessage<dronePosVec::dataTransfers>(google::protobuf::Arena*)':
test.cpp:(.text+0x59ad): undefined reference to `google::protobuf::Arena::AllocateAlignedNoHook(unsigned long)'
/usr/bin/ld: test.cpp:(.text+0x59c9): undefined reference to `google::protobuf::internal::ArenaImpl::AllocateAlignedAndAddCleanup(unsigned long, void (*)(void*))'
/usr/bin/ld: CMakeFiles/test.dir/src/test.cpp.o: in function `main':
test.cpp:(.text+0x5aa9): undefined reference to `google::protobuf::MessageLite::SerializeToString(std::__cxx11::basic_string<char, std::char_traits<char>, std::allocator<char> >*) const'
/usr/bin/ld: CMakeFiles/test.dir/src/test.cpp.o: in function `__static_initialization_and_destruction_0(int, int)':
test.cpp:(.text+0x5bb0): undefined reference to `google::protobuf::internal::AddDescriptors(google::protobuf::internal::DescriptorTable const*)'
/usr/bin/ld: CMakeFiles/test.dir/src/test.cpp.o: in function `google::protobuf::StringPiece::CheckedSsizeTFromSizeT(unsigned long)':
test.cpp:(.text._ZN6google8protobuf11StringPiece22CheckedSsizeTFromSizeTEm[_ZN6google8protobuf11StringPiece22CheckedSsizeTFromSizeTEm]+0x32): undefined reference to `google::protobuf::StringPiece::LogFatalSizeTooBig(unsigned long, char const*)'
/usr/bin/ld: CMakeFiles/test.dir/src/test.cpp.o: in function `google::protobuf::io::EpsCopyOutputStream::EnsureSpace(unsigned char*)':
test.cpp:(.text._ZN6google8protobuf2io19EpsCopyOutputStream11EnsureSpaceEPh[_ZN6google8protobuf2io19EpsCopyOutputStream11EnsureSpaceEPh]+0x39): undefined reference to `google::protobuf::io::EpsCopyOutputStream::EnsureSpaceFallback(unsigned char*)'
/usr/bin/ld: CMakeFiles/test.dir/src/test.cpp.o: in function `google::protobuf::io::EpsCopyOutputStream::WriteRaw(void const*, int, unsigned char*)':
test.cpp:(.text._ZN6google8protobuf2io19EpsCopyOutputStream8WriteRawEPKviPh[_ZN6google8protobuf2io19EpsCopyOutputStream8WriteRawEPKviPh]+0x4f): undefined reference to `google::protobuf::io::EpsCopyOutputStream::WriteRawFallback(void const*, int, unsigned char*)'
/usr/bin/ld: CMakeFiles/test.dir/src/test.cpp.o: in function `google::protobuf::io::EpsCopyOutputStream::WriteStringMaybeAliased(unsigned int, std::__cxx11::basic_string<char, std::char_traits<char>, std::allocator<char> > const&, unsigned char*)':
test.cpp:(.text._ZN6google8protobuf2io19EpsCopyOutputStream23WriteStringMaybeAliasedEjRKNSt7__cxx1112basic_stringIcSt11char_traitsIcESaIcEEEPh[_ZN6google8protobuf2io19EpsCopyOutputStream23WriteStringMaybeAliasedEjRKNSt7__cxx1112basic_stringIcSt11char_traitsIcESaIcEEEPh]+0x9c): undefined reference to `google::protobuf::io::EpsCopyOutputStream::WriteStringMaybeAliasedOutline(unsigned int, std::__cxx11::basic_string<char, std::char_traits<char>, std::allocator<char> > const&, unsigned char*)'
/usr/bin/ld: CMakeFiles/test.dir/src/test.cpp.o: in function `google::protobuf::Arena::AllocHook(std::type_info const*, unsigned long) const':
test.cpp:(.text._ZNK6google8protobuf5Arena9AllocHookEPKSt9type_infom[_ZNK6google8protobuf5Arena9AllocHookEPKSt9type_infom]+0x41): undefined reference to `google::protobuf::Arena::OnArenaAllocation(std::type_info const*, unsigned long) const'
/usr/bin/ld: CMakeFiles/test.dir/src/test.cpp.o: in function `google::protobuf::internal::ArenaStringPtr::CreateInstance(google::protobuf::Arena*, std::__cxx11::basic_string<char, std::char_traits<char>, std::allocator<char> > const*)':
test.cpp:(.text._ZN6google8protobuf8internal14ArenaStringPtr14CreateInstanceEPNS0_5ArenaEPKNSt7__cxx1112basic_stringIcSt11char_traitsIcESaIcEEE[_ZN6google8protobuf8internal14ArenaStringPtr14CreateInstanceEPNS0_5ArenaEPKNSt7__cxx1112basic_stringIcSt11char_traitsIcESaIcEEE]+0x60): undefined reference to `google::protobuf::internal::LogMessage::LogMessage(google::protobuf::LogLevel, char const*, int)'
/usr/bin/ld: test.cpp:(.text._ZN6google8protobuf8internal14ArenaStringPtr14CreateInstanceEPNS0_5ArenaEPKNSt7__cxx1112basic_stringIcSt11char_traitsIcESaIcEEE[_ZN6google8protobuf8internal14ArenaStringPtr14CreateInstanceEPNS0_5ArenaEPKNSt7__cxx1112basic_stringIcSt11char_traitsIcESaIcEEE]+0x7b): undefined reference to `google::protobuf::internal::LogMessage::operator<<(char const*)'
/usr/bin/ld: test.cpp:(.text._ZN6google8protobuf8internal14ArenaStringPtr14CreateInstanceEPNS0_5ArenaEPKNSt7__cxx1112basic_stringIcSt11char_traitsIcESaIcEEE[_ZN6google8protobuf8internal14ArenaStringPtr14CreateInstanceEPNS0_5ArenaEPKNSt7__cxx1112basic_stringIcSt11char_traitsIcESaIcEEE]+0x90): undefined reference to `google::protobuf::internal::LogFinisher::operator=(google::protobuf::internal::LogMessage&)'
/usr/bin/ld: test.cpp:(.text._ZN6google8protobuf8internal14ArenaStringPtr14CreateInstanceEPNS0_5ArenaEPKNSt7__cxx1112basic_stringIcSt11char_traitsIcESaIcEEE[_ZN6google8protobuf8internal14ArenaStringPtr14CreateInstanceEPNS0_5ArenaEPKNSt7__cxx1112basic_stringIcSt11char_traitsIcESaIcEEE]+0xa0): undefined reference to `google::protobuf::internal::LogMessage::~LogMessage()'
/usr/bin/ld: test.cpp:(.text._ZN6google8protobuf8internal14ArenaStringPtr14CreateInstanceEPNS0_5ArenaEPKNSt7__cxx1112basic_stringIcSt11char_traitsIcESaIcEEE[_ZN6google8protobuf8internal14ArenaStringPtr14CreateInstanceEPNS0_5ArenaEPKNSt7__cxx1112basic_stringIcSt11char_traitsIcESaIcEEE]+0x222): undefined reference to `google::protobuf::Arena::AllocateAlignedNoHook(unsigned long)'
/usr/bin/ld: test.cpp:(.text._ZN6google8protobuf8internal14ArenaStringPtr14CreateInstanceEPNS0_5ArenaEPKNSt7__cxx1112basic_stringIcSt11char_traitsIcESaIcEEE[_ZN6google8protobuf8internal14ArenaStringPtr14CreateInstanceEPNS0_5ArenaEPKNSt7__cxx1112basic_stringIcSt11char_traitsIcESaIcEEE]+0x241): undefined reference to `google::protobuf::internal::ArenaImpl::AllocateAlignedAndAddCleanup(unsigned long, void (*)(void*))'
/usr/bin/ld: test.cpp:(.text._ZN6google8protobuf8internal14ArenaStringPtr14CreateInstanceEPNS0_5ArenaEPKNSt7__cxx1112basic_stringIcSt11char_traitsIcESaIcEEE[_ZN6google8protobuf8internal14ArenaStringPtr14CreateInstanceEPNS0_5ArenaEPKNSt7__cxx1112basic_stringIcSt11char_traitsIcESaIcEEE]+0x2d6): undefined reference to `google::protobuf::internal::LogMessage::~LogMessage()'
/usr/bin/ld: CMakeFiles/test.dir/src/test.cpp.o: in function `google::protobuf::internal::GetEmptyStringAlreadyInited[abi:cxx11]()':
test.cpp:(.text._ZN6google8protobuf8internal27GetEmptyStringAlreadyInitedB5cxx11Ev[_ZN6google8protobuf8internal27GetEmptyStringAlreadyInitedB5cxx11Ev]+0xb): undefined reference to `google::protobuf::internal::fixed_address_empty_string[abi:cxx11]'
/usr/bin/ld: CMakeFiles/test.dir/src/test.cpp.o: in function `google::protobuf::MessageLite::MessageLite()':
test.cpp:(.text._ZN6google8protobuf11MessageLiteC2Ev[_ZN6google8protobuf11MessageLiteC5Ev]+0x13): undefined reference to `vtable for google::protobuf::MessageLite'
/usr/bin/ld: CMakeFiles/test.dir/src/test.cpp.o: in function `google::protobuf::MessageLite::MessageLite(google::protobuf::Arena*)':
test.cpp:(.text._ZN6google8protobuf11MessageLiteC2EPNS0_5ArenaE[_ZN6google8protobuf11MessageLiteC5EPNS0_5ArenaE]+0x17): undefined reference to `vtable for google::protobuf::MessageLite'
/usr/bin/ld: CMakeFiles/test.dir/src/test.cpp.o: in function `google::protobuf::MessageLite::~MessageLite()':
test.cpp:(.text._ZN6google8protobuf11MessageLiteD2Ev[_ZN6google8protobuf11MessageLiteD5Ev]+0xf): undefined reference to `vtable for google::protobuf::MessageLite'
/usr/bin/ld: CMakeFiles/test.dir/src/test.cpp.o: in function `google::protobuf::internal::EpsCopyInputStream::DoneWithCheck(char const**, int)':
test.cpp:(.text._ZN6google8protobuf8internal18EpsCopyInputStream13DoneWithCheckEPPKci[_ZN6google8protobuf8internal18EpsCopyInputStream13DoneWithCheckEPPKci]+0x53): undefined reference to `google::protobuf::internal::LogMessage::LogMessage(google::protobuf::LogLevel, char const*, int)'
/usr/bin/ld: test.cpp:(.text._ZN6google8protobuf8internal18EpsCopyInputStream13DoneWithCheckEPPKci[_ZN6google8protobuf8internal18EpsCopyInputStream13DoneWithCheckEPPKci]+0x6e): undefined reference to `google::protobuf::internal::LogMessage::operator<<(char const*)'
/usr/bin/ld: test.cpp:(.text._ZN6google8protobuf8internal18EpsCopyInputStream13DoneWithCheckEPPKci[_ZN6google8protobuf8internal18EpsCopyInputStream13DoneWithCheckEPPKci]+0x80): undefined reference to `google::protobuf::internal::LogFinisher::operator=(google::protobuf::internal::LogMessage&)'
/usr/bin/ld: test.cpp:(.text._ZN6google8protobuf8internal18EpsCopyInputStream13DoneWithCheckEPPKci[_ZN6google8protobuf8internal18EpsCopyInputStream13DoneWithCheckEPPKci]+0x90): undefined reference to `google::protobuf::internal::LogMessage::~LogMessage()'
/usr/bin/ld: test.cpp:(.text._ZN6google8protobuf8internal18EpsCopyInputStream13DoneWithCheckEPPKci[_ZN6google8protobuf8internal18EpsCopyInputStream13DoneWithCheckEPPKci]+0xf3): undefined reference to `google::protobuf::internal::EpsCopyInputStream::DoneFallback(char const*, int)'
/usr/bin/ld: test.cpp:(.text._ZN6google8protobuf8internal18EpsCopyInputStream13DoneWithCheckEPPKci[_ZN6google8protobuf8internal18EpsCopyInputStream13DoneWithCheckEPPKci]+0x132): undefined reference to `google::protobuf::internal::LogMessage::~LogMessage()'
/usr/bin/ld: CMakeFiles/test.dir/src/test.cpp.o: in function `google::protobuf::internal::VarintParseSlow(char const*, unsigned int, unsigned int*)':
test.cpp:(.text._ZN6google8protobuf8internal15VarintParseSlowEPKcjPj[_ZN6google8protobuf8internal15VarintParseSlowEPKcjPj]+0x24): undefined reference to `google::protobuf::internal::VarintParseSlow32(char const*, unsigned int)'
/usr/bin/ld: CMakeFiles/test.dir/src/test.cpp.o: in function `google::protobuf::internal::VarintParseSlow(char const*, unsigned int, unsigned long*)':
test.cpp:(.text._ZN6google8protobuf8internal15VarintParseSlowEPKcjPm[_ZN6google8protobuf8internal15VarintParseSlowEPKcjPm]+0x24): undefined reference to `google::protobuf::internal::VarintParseSlow64(char const*, unsigned int)'
/usr/bin/ld: CMakeFiles/test.dir/src/test.cpp.o: in function `google::protobuf::internal::ReadTag(char const*, unsigned int*, unsigned int)':
test.cpp:(.text._ZN6google8protobuf8internal7ReadTagEPKcPjj[_ZN6google8protobuf8internal7ReadTagEPKcPjj]+0x80): undefined reference to `google::protobuf::internal::ReadTagFallback(char const*, unsigned int)'
/usr/bin/ld: CMakeFiles/test.dir/src/test.cpp.o: in function `google::protobuf::internal::VerifyUTF8(std::__cxx11::basic_string<char, std::char_traits<char>, std::allocator<char> > const*, char const*)':
test.cpp:(.text._ZN6google8protobuf8internal10VerifyUTF8EPKNSt7__cxx1112basic_stringIcSt11char_traitsIcESaIcEEEPKc[_ZN6google8protobuf8internal10VerifyUTF8EPKNSt7__cxx1112basic_stringIcSt11char_traitsIcESaIcEEEPKc]+0x49): undefined reference to `google::protobuf::internal::VerifyUTF8(google::protobuf::StringPiece, char const*)'
/usr/bin/ld: CMakeFiles/test.dir/src/test.cpp.o: in function `google::protobuf::internal::InitSCC(google::protobuf::internal::SCCInfoBase*)':
test.cpp:(.text._ZN6google8protobuf8internal7InitSCCEPNS1_11SCCInfoBaseE[_ZN6google8protobuf8internal7InitSCCEPNS1_11SCCInfoBaseE]+0x51): undefined reference to `google::protobuf::internal::InitSCCImpl(google::protobuf::internal::SCCInfoBase*)'
/usr/bin/ld: CMakeFiles/test.dir/src/test.cpp.o: in function `google::protobuf::internal::OnShutdownDestroyMessage(void const*)':
test.cpp:(.text._ZN6google8protobuf8internal24OnShutdownDestroyMessageEPKv[_ZN6google8protobuf8internal24OnShutdownDestroyMessageEPKv]+0x1a): undefined reference to `google::protobuf::internal::DestroyMessage(void const*)'
/usr/bin/ld: test.cpp:(.text._ZN6google8protobuf8internal24OnShutdownDestroyMessageEPKv[_ZN6google8protobuf8internal24OnShutdownDestroyMessageEPKv]+0x22): undefined reference to `google::protobuf::internal::OnShutdownRun(void (*)(void const*), void const*)'
/usr/bin/ld: CMakeFiles/test.dir/src/test.cpp.o: in function `google::protobuf::UnknownFieldSet::Clear()':
test.cpp:(.text._ZN6google8protobuf15UnknownFieldSet5ClearEv[_ZN6google8protobuf15UnknownFieldSet5ClearEv]+0x2b): undefined reference to `google::protobuf::UnknownFieldSet::ClearFallback()'
/usr/bin/ld: CMakeFiles/test.dir/src/test.cpp.o: in function `google::protobuf::Message::Message()':
test.cpp:(.text._ZN6google8protobuf7MessageC2Ev[_ZN6google8protobuf7MessageC5Ev]+0x1f): undefined reference to `vtable for google::protobuf::Message'
/usr/bin/ld: CMakeFiles/test.dir/src/test.cpp.o: in function `google::protobuf::Message::Message(google::protobuf::Arena*)':
test.cpp:(.text._ZN6google8protobuf7MessageC2EPNS0_5ArenaE[_ZN6google8protobuf7MessageC5EPNS0_5ArenaE]+0x2a): undefined reference to `vtable for google::protobuf::Message'
/usr/bin/ld: CMakeFiles/test.dir/src/test.cpp.o: in function `dronePosVec::dronePosition::GetMetadataStatic()':
test.cpp:(.text._ZN11dronePosVec13dronePosition17GetMetadataStaticEv[_ZN11dronePosVec13dronePosition17GetMetadataStaticEv]+0x18): undefined reference to `google::protobuf::internal::AssignDescriptors(google::protobuf::internal::DescriptorTable const*, bool)'
/usr/bin/ld: CMakeFiles/test.dir/src/test.cpp.o: in function `dronePosVec::droneControl::GetMetadataStatic()':
test.cpp:(.text._ZN11dronePosVec12droneControl17GetMetadataStaticEv[_ZN11dronePosVec12droneControl17GetMetadataStaticEv]+0x18): undefined reference to `google::protobuf::internal::AssignDescriptors(google::protobuf::internal::DescriptorTable const*, bool)'
/usr/bin/ld: CMakeFiles/test.dir/src/test.cpp.o: in function `dronePosVec::dataTransfers::GetMetadataStatic()':
test.cpp:(.text._ZN11dronePosVec13dataTransfers17GetMetadataStaticEv[_ZN11dronePosVec13dataTransfers17GetMetadataStaticEv]+0x18): undefined reference to `google::protobuf::internal::AssignDescriptors(google::protobuf::internal::DescriptorTable const*, bool)'
/usr/bin/ld: CMakeFiles/test.dir/src/test.cpp.o: in function `dronePosVec::dronePosition::_internal_position_size() const':
test.cpp:(.text._ZNK11dronePosVec13dronePosition23_internal_position_sizeEv[_ZNK11dronePosVec13dronePosition23_internal_position_sizeEv]+0x1c): undefined reference to `google::protobuf::RepeatedField<float>::size() const'
/usr/bin/ld: CMakeFiles/test.dir/src/test.cpp.o: in function `dronePosVec::dronePosition::_internal_add_position(float)':
test.cpp:(.text._ZN11dronePosVec13dronePosition22_internal_add_positionEf[_ZN11dronePosVec13dronePosition22_internal_add_positionEf]+0x28): undefined reference to `google::protobuf::RepeatedField<float>::Add(float const&)'
/usr/bin/ld: CMakeFiles/test.dir/src/test.cpp.o: in function `dronePosVec::dronePosition::_internal_positiondot_size() const':
test.cpp:(.text._ZNK11dronePosVec13dronePosition26_internal_positiondot_sizeEv[_ZNK11dronePosVec13dronePosition26_internal_positiondot_sizeEv]+0x1c): undefined reference to `google::protobuf::RepeatedField<float>::size() const'
/usr/bin/ld: CMakeFiles/test.dir/src/test.cpp.o: in function `dronePosVec::dronePosition::_internal_add_positiondot(float)':
test.cpp:(.text._ZN11dronePosVec13dronePosition25_internal_add_positiondotEf[_ZN11dronePosVec13dronePosition25_internal_add_positiondotEf]+0x28): undefined reference to `google::protobuf::RepeatedField<float>::Add(float const&)'
/usr/bin/ld: CMakeFiles/test.dir/src/test.cpp.o: in function `dronePosVec::dronePosition::_internal_add_matrixsize(unsigned int)':
test.cpp:(.text._ZN11dronePosVec13dronePosition24_internal_add_matrixsizeEj[_ZN11dronePosVec13dronePosition24_internal_add_matrixsizeEj]+0x26): undefined reference to `google::protobuf::RepeatedField<unsigned int>::Add(unsigned int const&)'
/usr/bin/ld: CMakeFiles/test.dir/src/test.cpp.o: in function `dronePosVec::dronePosition::_internal_rotmatrix_size() const':
test.cpp:(.text._ZNK11dronePosVec13dronePosition24_internal_rotmatrix_sizeEv[_ZNK11dronePosVec13dronePosition24_internal_rotmatrix_sizeEv]+0x1c): undefined reference to `google::protobuf::RepeatedField<float>::size() const'
/usr/bin/ld: CMakeFiles/test.dir/src/test.cpp.o: in function `dronePosVec::dronePosition::_internal_add_rotmatrix(float)':
test.cpp:(.text._ZN11dronePosVec13dronePosition23_internal_add_rotmatrixEf[_ZN11dronePosVec13dronePosition23_internal_add_rotmatrixEf]+0x28): undefined reference to `google::protobuf::RepeatedField<float>::Add(float const&)'
/usr/bin/ld: CMakeFiles/test.dir/src/test.cpp.o: in function `dronePosVec::dronePosition::_internal_rotmatrixdot_size() const':
test.cpp:(.text._ZNK11dronePosVec13dronePosition27_internal_rotmatrixdot_sizeEv[_ZNK11dronePosVec13dronePosition27_internal_rotmatrixdot_sizeEv]+0x1c): undefined reference to `google::protobuf::RepeatedField<float>::size() const'
/usr/bin/ld: CMakeFiles/test.dir/src/test.cpp.o: in function `dronePosVec::dronePosition::_internal_add_rotmatrixdot(float)':
test.cpp:(.text._ZN11dronePosVec13dronePosition26_internal_add_rotmatrixdotEf[_ZN11dronePosVec13dronePosition26_internal_add_rotmatrixdotEf]+0x28): undefined reference to `google::protobuf::RepeatedField<float>::Add(float const&)'
/usr/bin/ld: CMakeFiles/test.dir/src/test.cpp.o: in function `google::protobuf::Message::~Message()':
test.cpp:(.text._ZN6google8protobuf7MessageD2Ev[_ZN6google8protobuf7MessageD5Ev]+0x13): undefined reference to `vtable for google::protobuf::Message'
/usr/bin/ld: CMakeFiles/test.dir/src/test.cpp.o: in function `dronePosVec::dronePosition::SharedDtor()':
test.cpp:(.text._ZN11dronePosVec13dronePosition10SharedDtorEv[_ZN11dronePosVec13dronePosition10SharedDtorEv]+0x51): undefined reference to `google::protobuf::internal::LogMessage::LogMessage(google::protobuf::LogLevel, char const*, int)'
/usr/bin/ld: test.cpp:(.text._ZN11dronePosVec13dronePosition10SharedDtorEv[_ZN11dronePosVec13dronePosition10SharedDtorEv]+0x6c): undefined reference to `google::protobuf::internal::LogMessage::operator<<(char const*)'
/usr/bin/ld: test.cpp:(.text._ZN11dronePosVec13dronePosition10SharedDtorEv[_ZN11dronePosVec13dronePosition10SharedDtorEv]+0x7e): undefined reference to `google::protobuf::internal::LogFinisher::operator=(google::protobuf::internal::LogMessage&)'
/usr/bin/ld: test.cpp:(.text._ZN11dronePosVec13dronePosition10SharedDtorEv[_ZN11dronePosVec13dronePosition10SharedDtorEv]+0x8e): undefined reference to `google::protobuf::internal::LogMessage::~LogMessage()'
/usr/bin/ld: test.cpp:(.text._ZN11dronePosVec13dronePosition10SharedDtorEv[_ZN11dronePosVec13dronePosition10SharedDtorEv]+0xa7): undefined reference to `google::protobuf::internal::LogMessage::~LogMessage()'
/usr/bin/ld: CMakeFiles/test.dir/src/test.cpp.o: in function `dronePosVec::droneControl::SharedDtor()':
test.cpp:(.text._ZN11dronePosVec12droneControl10SharedDtorEv[_ZN11dronePosVec12droneControl10SharedDtorEv]+0x51): undefined reference to `google::protobuf::internal::LogMessage::LogMessage(google::protobuf::LogLevel, char const*, int)'
/usr/bin/ld: test.cpp:(.text._ZN11dronePosVec12droneControl10SharedDtorEv[_ZN11dronePosVec12droneControl10SharedDtorEv]+0x6c): undefined reference to `google::protobuf::internal::LogMessage::operator<<(char const*)'
/usr/bin/ld: test.cpp:(.text._ZN11dronePosVec12droneControl10SharedDtorEv[_ZN11dronePosVec12droneControl10SharedDtorEv]+0x7e): undefined reference to `google::protobuf::internal::LogFinisher::operator=(google::protobuf::internal::LogMessage&)'
/usr/bin/ld: test.cpp:(.text._ZN11dronePosVec12droneControl10SharedDtorEv[_ZN11dronePosVec12droneControl10SharedDtorEv]+0x8e): undefined reference to `google::protobuf::internal::LogMessage::~LogMessage()'
/usr/bin/ld: test.cpp:(.text._ZN11dronePosVec12droneControl10SharedDtorEv[_ZN11dronePosVec12droneControl10SharedDtorEv]+0xa7): undefined reference to `google::protobuf::internal::LogMessage::~LogMessage()'
/usr/bin/ld: CMakeFiles/test.dir/src/test.cpp.o: in function `dronePosVec::dataTransfers::SharedDtor()':
test.cpp:(.text._ZN11dronePosVec13dataTransfers10SharedDtorEv[_ZN11dronePosVec13dataTransfers10SharedDtorEv]+0x51): undefined reference to `google::protobuf::internal::LogMessage::LogMessage(google::protobuf::LogLevel, char const*, int)'
/usr/bin/ld: test.cpp:(.text._ZN11dronePosVec13dataTransfers10SharedDtorEv[_ZN11dronePosVec13dataTransfers10SharedDtorEv]+0x6c): undefined reference to `google::protobuf::internal::LogMessage::operator<<(char const*)'
/usr/bin/ld: test.cpp:(.text._ZN11dronePosVec13dataTransfers10SharedDtorEv[_ZN11dronePosVec13dataTransfers10SharedDtorEv]+0x7e): undefined reference to `google::protobuf::internal::LogFinisher::operator=(google::protobuf::internal::LogMessage&)'
/usr/bin/ld: test.cpp:(.text._ZN11dronePosVec13dataTransfers10SharedDtorEv[_ZN11dronePosVec13dataTransfers10SharedDtorEv]+0x8e): undefined reference to `google::protobuf::internal::LogMessage::~LogMessage()'
/usr/bin/ld: test.cpp:(.text._ZN11dronePosVec13dataTransfers10SharedDtorEv[_ZN11dronePosVec13dataTransfers10SharedDtorEv]+0xe7): undefined reference to `google::protobuf::internal::LogMessage::~LogMessage()'
/usr/bin/ld: CMakeFiles/test.dir/src/test.cpp.o: in function `void google::protobuf::internal::InternalMetadata::DoMergeFrom<google::protobuf::UnknownFieldSet>(google::protobuf::UnknownFieldSet const&)':
test.cpp:(.text._ZN6google8protobuf8internal16InternalMetadata11DoMergeFromINS0_15UnknownFieldSetEEEvRKT_[_ZN6google8protobuf8internal16InternalMetadata11DoMergeFromINS0_15UnknownFieldSetEEEvRKT_]+0x73): undefined reference to `google::protobuf::UnknownFieldSet::MergeFrom(google::protobuf::UnknownFieldSet const&)'
/usr/bin/ld: CMakeFiles/test.dir/src/test.cpp.o: in function `google::protobuf::UnknownFieldSet* google::protobuf::internal::InternalMetadata::mutable_unknown_fields_slow<google::protobuf::UnknownFieldSet>()':
test.cpp:(.text._ZN6google8protobuf8internal16InternalMetadata27mutable_unknown_fields_slowINS0_15UnknownFieldSetEEEPT_v[_ZN6google8protobuf8internal16InternalMetadata27mutable_unknown_fields_slowINS0_15UnknownFieldSetEEEPT_v]+0x15d): undefined reference to `google::protobuf::Arena::AllocateAlignedNoHook(unsigned long)'
/usr/bin/ld: test.cpp:(.text._ZN6google8protobuf8internal16InternalMetadata27mutable_unknown_fields_slowINS0_15UnknownFieldSetEEEPT_v[_ZN6google8protobuf8internal16InternalMetadata27mutable_unknown_fields_slowINS0_15UnknownFieldSetEEEPT_v]+0x179): undefined reference to `google::protobuf::internal::ArenaImpl::AllocateAlignedAndAddCleanup(unsigned long, void (*)(void*))'
/usr/bin/ld: CMakeFiles/test.dir/src/test.cpp.o:(.data.rel.ro._ZTVN11dronePosVec13dataTransfersE[_ZTVN11dronePosVec13dataTransfersE]+0x20): undefined reference to `google::protobuf::Message::GetTypeName[abi:cxx11]() const'
/usr/bin/ld: CMakeFiles/test.dir/src/test.cpp.o:(.data.rel.ro._ZTVN11dronePosVec13dataTransfersE[_ZTVN11dronePosVec13dataTransfersE]+0x48): undefined reference to `google::protobuf::Message::InitializationErrorString[abi:cxx11]() const'
/usr/bin/ld: CMakeFiles/test.dir/src/test.cpp.o:(.data.rel.ro._ZTVN11dronePosVec13dataTransfersE[_ZTVN11dronePosVec13dataTransfersE]+0x50): undefined reference to `google::protobuf::Message::CheckTypeAndMergeFrom(google::protobuf::MessageLite const&)'
/usr/bin/ld: CMakeFiles/test.dir/src/test.cpp.o:(.data.rel.ro._ZTVN11dronePosVec13dataTransfersE[_ZTVN11dronePosVec13dataTransfersE]+0x90): undefined reference to `google::protobuf::Message::DiscardUnknownFields()'
/usr/bin/ld: CMakeFiles/test.dir/src/test.cpp.o:(.data.rel.ro._ZTVN11dronePosVec13dataTransfersE[_ZTVN11dronePosVec13dataTransfersE]+0x98): undefined reference to `google::protobuf::Message::SpaceUsedLong() const'
/usr/bin/ld: CMakeFiles/test.dir/src/test.cpp.o:(.data.rel.ro._ZTVN11dronePosVec12droneControlE[_ZTVN11dronePosVec12droneControlE]+0x20): undefined reference to `google::protobuf::Message::GetTypeName[abi:cxx11]() const'
/usr/bin/ld: CMakeFiles/test.dir/src/test.cpp.o:(.data.rel.ro._ZTVN11dronePosVec12droneControlE[_ZTVN11dronePosVec12droneControlE]+0x48): undefined reference to `google::protobuf::Message::InitializationErrorString[abi:cxx11]() const'
/usr/bin/ld: CMakeFiles/test.dir/src/test.cpp.o:(.data.rel.ro._ZTVN11dronePosVec12droneControlE[_ZTVN11dronePosVec12droneControlE]+0x50): undefined reference to `google::protobuf::Message::CheckTypeAndMergeFrom(google::protobuf::MessageLite const&)'
/usr/bin/ld: CMakeFiles/test.dir/src/test.cpp.o:(.data.rel.ro._ZTVN11dronePosVec12droneControlE[_ZTVN11dronePosVec12droneControlE]+0x90): undefined reference to `google::protobuf::Message::DiscardUnknownFields()'
/usr/bin/ld: CMakeFiles/test.dir/src/test.cpp.o:(.data.rel.ro._ZTVN11dronePosVec12droneControlE[_ZTVN11dronePosVec12droneControlE]+0x98): undefined reference to `google::protobuf::Message::SpaceUsedLong() const'
/usr/bin/ld: CMakeFiles/test.dir/src/test.cpp.o:(.data.rel.ro._ZTVN11dronePosVec13dronePositionE[_ZTVN11dronePosVec13dronePositionE]+0x20): undefined reference to `google::protobuf::Message::GetTypeName[abi:cxx11]() const'
/usr/bin/ld: CMakeFiles/test.dir/src/test.cpp.o:(.data.rel.ro._ZTVN11dronePosVec13dronePositionE[_ZTVN11dronePosVec13dronePositionE]+0x48): undefined reference to `google::protobuf::Message::InitializationErrorString[abi:cxx11]() const'
/usr/bin/ld: CMakeFiles/test.dir/src/test.cpp.o:(.data.rel.ro._ZTVN11dronePosVec13dronePositionE[_ZTVN11dronePosVec13dronePositionE]+0x50): undefined reference to `google::protobuf::Message::CheckTypeAndMergeFrom(google::protobuf::MessageLite const&)'
/usr/bin/ld: CMakeFiles/test.dir/src/test.cpp.o:(.data.rel.ro._ZTVN11dronePosVec13dronePositionE[_ZTVN11dronePosVec13dronePositionE]+0x90): undefined reference to `google::protobuf::Message::DiscardUnknownFields()'
/usr/bin/ld: CMakeFiles/test.dir/src/test.cpp.o:(.data.rel.ro._ZTVN11dronePosVec13dronePositionE[_ZTVN11dronePosVec13dronePositionE]+0x98): undefined reference to `google::protobuf::Message::SpaceUsedLong() const'
/usr/bin/ld: CMakeFiles/test.dir/src/test.cpp.o:(.data.rel.ro._ZTIN11dronePosVec13dataTransfersE[_ZTIN11dronePosVec13dataTransfersE]+0x10): undefined reference to `typeinfo for google::protobuf::Message'
/usr/bin/ld: CMakeFiles/test.dir/src/test.cpp.o:(.data.rel.ro._ZTIN11dronePosVec12droneControlE[_ZTIN11dronePosVec12droneControlE]+0x10): undefined reference to `typeinfo for google::protobuf::Message'
/usr/bin/ld: CMakeFiles/test.dir/src/test.cpp.o:(.data.rel.ro._ZTIN11dronePosVec13dronePositionE[_ZTIN11dronePosVec13dronePositionE]+0x10): undefined reference to `typeinfo for google::protobuf::Message'
/usr/bin/ld: warning: creating DT_TEXTREL in a PIE
collect2: error: ld returned 1 exit status
make[2]: *** [CMakeFiles/test.dir/build.make:97: test] Error 1
make[1]: *** [CMakeFiles/Makefile2:83: CMakeFiles/test.dir/all] Error 2
make: *** [Makefile:136: all] Error 2
